# JRE version: OpenJDK Runtime Environment (8.0_152-b01) (build 1.8.0_152-release-915-b01)
# Java VM: OpenJDK 64-Bit Server VM (25.152-b01 mixed mode windows-amd64 compressed oops)
Heap:
 PSYoungGen      total 86528K, used 61450K [0x00000000eab00000, 0x00000000f2780000, 0x0000000100000000)
  eden space 75264K, 81% used [0x00000000eab00000,0x00000000ee702a58,0x00000000ef480000)
  from space 11264K, 0% used [0x00000000ef480000,0x00000000ef480000,0x00000000eff80000)
  to   space 12288K, 0% used [0x00000000f1b80000,0x00000000f1b80000,0x00000000f2780000)
 ParOldGen       total 65024K, used 16369K [0x00000000c0000000, 0x00000000c3f80000, 0x00000000eab00000)
  object space 65024K, 25% used [0x00000000c0000000,0x00000000c0ffc638,0x00000000c3f80000)
 Metaspace       used 39624K, capacity 40362K, committed 40536K, reserved 1083392K
  class space    used 5324K, capacity 5656K, committed 5760K, reserved 1048576K
GC Heap History (10 events):
Event: 14.642 GC heap before
{Heap before GC invocations=7 (full 1):
 PSYoungGen      total 37888K, used 36332K [0x00000000eab00000, 0x00000000eef00000, 0x0000000100000000)
  eden space 32768K, 100% used [0x00000000eab00000,0x00000000ecb00000,0x00000000ecb00000)
  from space 5120K, 69% used [0x00000000ecb00000,0x00000000ece7b300,0x00000000ed000000)
  to   space 11264K, 0% used [0x00000000ee400000,0x00000000ee400000,0x00000000eef00000)
 ParOldGen       total 65024K, used 8971K [0x00000000c0000000, 0x00000000c3f80000, 0x00000000eab00000)
  object space 65024K, 13% used [0x00000000c0000000,0x00000000c08c2d70,0x00000000c3f80000)
 Metaspace       used 26182K, capacity 26734K, committed 26880K, reserved 1073152K
  class space    used 3552K, capacity 3750K, committed 3840K, reserved 1048576K
Event: 14.654 GC heap after
Heap after GC invocations=7 (full 1):
 PSYoungGen      total 59392K, used 5234K [0x00000000eab00000, 0x00000000ef100000, 0x0000000100000000)
  eden space 48128K, 0% used [0x00000000eab00000,0x00000000eab00000,0x00000000eda00000)
  from space 11264K, 46% used [0x00000000ee400000,0x00000000ee91cac0,0x00000000eef00000)
  to   space 10240K, 0% used [0x00000000eda00000,0x00000000eda00000,0x00000000ee400000)
 ParOldGen       total 65024K, used 8971K [0x00000000c0000000, 0x00000000c3f80000, 0x00000000eab00000)
  object space 65024K, 13% used [0x00000000c0000000,0x00000000c08c2d70,0x00000000c3f80000)
 Metaspace       used 26182K, capacity 26734K, committed 26880K, reserved 1073152K
  class space    used 3552K, capacity 3750K, committed 3840K, reserved 1048576K
}
Event: 15.844 GC heap before
{Heap before GC invocations=8 (full 1):
 PSYoungGen      total 59392K, used 53362K [0x00000000eab00000, 0x00000000ef100000, 0x0000000100000000)
  eden space 48128K, 100% used [0x00000000eab00000,0x00000000eda00000,0x00000000eda00000)
  from space 11264K, 46% used [0x00000000ee400000,0x00000000ee91cac0,0x00000000eef00000)
  to   space 10240K, 0% used [0x00000000eda00000,0x00000000eda00000,0x00000000ee400000)
 ParOldGen       total 65024K, used 8971K [0x00000000c0000000, 0x00000000c3f80000, 0x00000000eab00000)
  object space 65024K, 13% used [0x00000000c0000000,0x00000000c08c2d70,0x00000000c3f80000)
 Metaspace       used 29100K, capacity 29738K, committed 29952K, reserved 1075200K
  class space    used 4092K, capacity 4324K, committed 4352K, reserved 1048576K
Event: 15.859 GC heap after
Heap after GC invocations=8 (full 1):
 PSYoungGen      total 58368K, used 8592K [0x00000000eab00000, 0x00000000f0b80000, 0x0000000100000000)
  eden space 48128K, 0% used [0x00000000eab00000,0x00000000eab00000,0x00000000eda00000)
  from space 10240K, 83% used [0x00000000eda00000,0x00000000ee264048,0x00000000ee400000)
  to   space 11264K, 0% used [0x00000000f0080000,0x00000000f0080000,0x00000000f0b80000)
 ParOldGen       total 65024K, used 8979K [0x00000000c0000000, 0x00000000c3f80000, 0x00000000eab00000)
  object space 65024K, 13% used [0x00000000c0000000,0x00000000c08c4d70,0x00000000c3f80000)
 Metaspace       used 29100K, capacity 29738K, committed 29952K, reserved 1075200K
  class space    used 4092K, capacity 4324K, committed 4352K, reserved 1048576K
}
Event: 16.785 GC heap before
{Heap before GC invocations=9 (full 1):
 PSYoungGen      total 58368K, used 56720K [0x00000000eab00000, 0x00000000f0b80000, 0x0000000100000000)
  eden space 48128K, 100% used [0x00000000eab00000,0x00000000eda00000,0x00000000eda00000)
  from space 10240K, 83% used [0x00000000eda00000,0x00000000ee264048,0x00000000ee400000)
  to   space 11264K, 0% used [0x00000000f0080000,0x00000000f0080000,0x00000000f0b80000)
 ParOldGen       total 65024K, used 8979K [0x00000000c0000000, 0x00000000c3f80000, 0x00000000eab00000)
  object space 65024K, 13% used [0x00000000c0000000,0x00000000c08c4d70,0x00000000c3f80000)
 Metaspace       used 31456K, capacity 32106K, committed 32256K, reserved 1077248K
  class space    used 4318K, capacity 4580K, committed 4608K, reserved 1048576K
Event: 16.792 GC heap after
Heap after GC invocations=9 (full 1):
 PSYoungGen      total 85504K, used 7930K [0x00000000eab00000, 0x00000000f0a80000, 0x0000000100000000)
  eden space 75264K, 0% used [0x00000000eab00000,0x00000000eab00000,0x00000000ef480000)
  from space 10240K, 77% used [0x00000000f0080000,0x00000000f083ebc8,0x00000000f0a80000)
  to   space 11264K, 0% used [0x00000000ef480000,0x00000000ef480000,0x00000000eff80000)
 ParOldGen       total 65024K, used 8987K [0x00000000c0000000, 0x00000000c3f80000, 0x00000000eab00000)
  object space 65024K, 13% used [0x00000000c0000000,0x00000000c08c6d70,0x00000000c3f80000)
 Metaspace       used 31456K, capacity 32106K, committed 32256K, reserved 1077248K
  class space    used 4318K, capacity 4580K, committed 4608K, reserved 1048576K
}
Event: 18.104 GC heap before
{Heap before GC invocations=10 (full 1):
 PSYoungGen      total 85504K, used 43020K [0x00000000eab00000, 0x00000000f0a80000, 0x0000000100000000)
  eden space 75264K, 46% used [0x00000000eab00000,0x00000000ecd44610,0x00000000ef480000)
  from space 10240K, 77% used [0x00000000f0080000,0x00000000f083ebc8,0x00000000f0a80000)
  to   space 11264K, 0% used [0x00000000ef480000,0x00000000ef480000,0x00000000eff80000)
 ParOldGen       total 65024K, used 8987K [0x00000000c0000000, 0x00000000c3f80000, 0x00000000eab00000)
  object space 65024K, 13% used [0x00000000c0000000,0x00000000c08c6d70,0x00000000c3f80000)
 Metaspace       used 34487K, capacity 35240K, committed 35416K, reserved 1079296K
  class space    used 4702K, capacity 4970K, committed 4992K, reserved 1048576K
Event: 18.126 GC heap after
Heap after GC invocations=10 (full 1):
 PSYoungGen      total 86528K, used 10330K [0x00000000eab00000, 0x00000000f2780000, 0x0000000100000000)
  eden space 75264K, 0% used [0x00000000eab00000,0x00000000eab00000,0x00000000ef480000)
  from space 11264K, 91% used [0x00000000ef480000,0x00000000efe96b88,0x00000000eff80000)
  to   space 12288K, 0% used [0x00000000f1b80000,0x00000000f1b80000,0x00000000f2780000)
 ParOldGen       total 65024K, used 9059K [0x00000000c0000000, 0x00000000c3f80000, 0x00000000eab00000)
  object space 65024K, 13% used [0x00000000c0000000,0x00000000c08d8d80,0x00000000c3f80000)
 Metaspace       used 34487K, capacity 35240K, committed 35416K, reserved 1079296K
  class space    used 4702K, capacity 4970K, committed 4992K, reserved 1048576K
}
Event: 18.126 GC heap before
{Heap before GC invocations=11 (full 2):
 PSYoungGen      total 86528K, used 10330K [0x00000000eab00000, 0x00000000f2780000, 0x0000000100000000)
  eden space 75264K, 0% used [0x00000000eab00000,0x00000000eab00000,0x00000000ef480000)
  from space 11264K, 91% used [0x00000000ef480000,0x00000000efe96b88,0x00000000eff80000)
  to   space 12288K, 0% used [0x00000000f1b80000,0x00000000f1b80000,0x00000000f2780000)
 ParOldGen       total 65024K, used 9059K [0x00000000c0000000, 0x00000000c3f80000, 0x00000000eab00000)
  object space 65024K, 13% used [0x00000000c0000000,0x00000000c08d8d80,0x00000000c3f80000)
 Metaspace       used 34487K, capacity 35240K, committed 35416K, reserved 1079296K
  class space    used 4702K, capacity 4970K, committed 4992K, reserved 1048576K
Event: 18.258 GC heap after
Heap after GC invocations=11 (full 2):
 PSYoungGen      total 86528K, used 0K [0x00000000eab00000, 0x00000000f2780000, 0x0000000100000000)
  eden space 75264K, 0% used [0x00000000eab00000,0x00000000eab00000,0x00000000ef480000)
  from space 11264K, 0% used [0x00000000ef480000,0x00000000ef480000,0x00000000eff80000)
  to   space 12288K, 0% used [0x00000000f1b80000,0x00000000f1b80000,0x00000000f2780000)
 ParOldGen       total 65024K, used 16369K [0x00000000c0000000, 0x00000000c3f80000, 0x00000000eab00000)
  object space 65024K, 25% used [0x00000000c0000000,0x00000000c0ffc638,0x00000000c3f80000)
 Metaspace       used 34487K, capacity 35240K, committed 35416K, reserved 1079296K
  class space    used 4702K, capacity 4970K, committed 4992K, reserved 1048576K
}

